This file contains any messages produced by compilers while
running configure, to aid debugging if configure makes a mistake.

It was created by configure, which was
generated by GNU Autoconf 2.59.  Invocation command line was

  $ ./configure --prefix=/home/cc/Workspace/AFLlearn/Exercise1/install/

## --------- ##
## Platform. ##
## --------- ##

hostname = cc-Lenovo-XiaoXinPro-16ACH-2021
uname -m = x86_64
uname -r = 5.15.0-76-generic
uname -s = Linux
uname -v = #83~20.04.1-Ubuntu SMP Wed Jun 21 20:23:31 UTC 2023

/usr/bin/uname -p = x86_64
/bin/uname -X     = unknown

/bin/arch              = x86_64
/usr/bin/arch -k       = unknown
/usr/convex/getsysinfo = unknown
hostinfo               = unknown
/bin/machine           = unknown
/usr/bin/oslevel       = unknown
/bin/universe          = unknown

PATH: /users/cc/opt/anaconda3/bin
PATH: /home/cc/.vscode-server/bin/660393deaaa6d1996740ff4880f1bad43768c814/bin/remote-cli
PATH: /home/cc/anaconda3/bin
PATH: /home/cc/anaconda3/condabin
PATH: /users/cc/opt/anaconda3/bin
PATH: /usr/local/sbin
PATH: /usr/local/bin
PATH: /usr/sbin
PATH: /usr/bin
PATH: /sbin
PATH: /bin
PATH: /usr/games
PATH: /usr/local/games
PATH: /snap/bin


## ----------- ##
## Core tests. ##
## ----------- ##

configure:1480: checking for gcc
configure:1506: result: /home/cc/AFLplusplus/afl-clang-fast
configure:1750: checking for C compiler version
configure:1753: /home/cc/AFLplusplus/afl-clang-fast --version </dev/null >&5
Ubuntu clang version 11.0.0-2~ubuntu20.04.1
Target: x86_64-pc-linux-gnu
Thread model: posix
InstalledDir: /usr/lib/llvm-11/bin
configure:1756: $? = 0
configure:1758: /home/cc/AFLplusplus/afl-clang-fast -v </dev/null >&5
Ubuntu clang version 11.0.0-2~ubuntu20.04.1
Target: x86_64-pc-linux-gnu
Thread model: posix
InstalledDir: /usr/lib/llvm-11/bin
Found candidate GCC installation: /usr/lib/gcc/x86_64-linux-gnu/9
Selected GCC installation: /usr/lib/gcc/x86_64-linux-gnu/9
Candidate multilib: .;@m64
Selected multilib: .;@m64
configure:1761: $? = 0
configure:1763: /home/cc/AFLplusplus/afl-clang-fast -V </dev/null >&5
clang: error: unsupported option '-V -fPIC'
clang: error: no input files
configure:1766: $? = 1
configure:1789: checking for C compiler default output file name
configure:1792: /home/cc/AFLplusplus/afl-clang-fast    conftest.c  >&5
configure:1795: $? = 0
configure:1841: result: a.out
configure:1846: checking whether the C compiler works
configure:1852: ./a.out
configure:1855: $? = 0
configure:1872: result: yes
configure:1879: checking whether we are cross compiling
configure:1881: result: no
configure:1884: checking for suffix of executables
configure:1886: /home/cc/AFLplusplus/afl-clang-fast -o conftest    conftest.c  >&5
configure:1889: $? = 0
configure:1914: result: 
configure:1920: checking for suffix of object files
configure:1941: /home/cc/AFLplusplus/afl-clang-fast -c   conftest.c >&5
configure:1944: $? = 0
configure:1966: result: o
configure:1970: checking whether we are using the GNU C compiler
configure:1994: /home/cc/AFLplusplus/afl-clang-fast -c   conftest.c >&5
configure:2000: $? = 0
configure:2004: test -z 
			 || test ! -s conftest.err
configure:2007: $? = 0
configure:2010: test -s conftest.o
configure:2013: $? = 0
configure:2026: result: yes
configure:2032: checking whether /home/cc/AFLplusplus/afl-clang-fast accepts -g
configure:2053: /home/cc/AFLplusplus/afl-clang-fast -c -g  conftest.c >&5
configure:2059: $? = 0
configure:2063: test -z 
			 || test ! -s conftest.err
configure:2066: $? = 0
configure:2069: test -s conftest.o
configure:2072: $? = 0
configure:2083: result: yes
configure:2100: checking for /home/cc/AFLplusplus/afl-clang-fast option to accept ANSI C
configure:2170: /home/cc/AFLplusplus/afl-clang-fast  -c -g -O2  conftest.c >&5
configure:2176: $? = 0
configure:2180: test -z 
			 || test ! -s conftest.err
configure:2183: $? = 0
configure:2186: test -s conftest.o
configure:2189: $? = 0
configure:2207: result: none needed
configure:2225: /home/cc/AFLplusplus/afl-clang-fast -c -g -O2  conftest.c >&5
conftest.c:2:3: error: unknown type name 'choke'
  choke me
  ^
conftest.c:2:11: error: expected ';' after top level declarator
  choke me
          ^
          ;
2 errors generated.
configure:2231: $? = 1
configure: failed program was:
| #ifndef __cplusplus
|   choke me
| #endif
configure:2365: checking for library containing strerror
configure:2395: /home/cc/AFLplusplus/afl-clang-fast -o conftest -g -O2   conftest.c  >&5
conftest.c:17:6: warning: incompatible redeclaration of library function 'strerror' [-Wincompatible-library-redeclaration]
char strerror ();
     ^
conftest.c:17:6: note: 'strerror' is a builtin with type 'char *(int)'
1 warning generated.
configure:2401: $? = 0
configure:2405: test -z 
			 || test ! -s conftest.err
configure:2408: $? = 0
configure:2411: test -s conftest
configure:2414: $? = 0
configure:2484: result: none required
configure:2589: checking for C++ compiler version
configure:2592: /home/cc/AFLplusplus/afl-clang-fast++ --version </dev/null >&5
Ubuntu clang version 11.0.0-2~ubuntu20.04.1
Target: x86_64-pc-linux-gnu
Thread model: posix
InstalledDir: /usr/lib/llvm-11/bin
configure:2595: $? = 0
configure:2597: /home/cc/AFLplusplus/afl-clang-fast++ -v </dev/null >&5
Ubuntu clang version 11.0.0-2~ubuntu20.04.1
Target: x86_64-pc-linux-gnu
Thread model: posix
InstalledDir: /usr/lib/llvm-11/bin
Found candidate GCC installation: /usr/lib/gcc/x86_64-linux-gnu/9
Selected GCC installation: /usr/lib/gcc/x86_64-linux-gnu/9
Candidate multilib: .;@m64
Selected multilib: .;@m64
configure:2600: $? = 0
configure:2602: /home/cc/AFLplusplus/afl-clang-fast++ -V </dev/null >&5
clang: error: unsupported option '-V -fPIC'
clang: error: no input files
configure:2605: $? = 1
configure:2608: checking whether we are using the GNU C++ compiler
configure:2632: /home/cc/AFLplusplus/afl-clang-fast++ -c   conftest.cc >&5
configure:2638: $? = 0
configure:2642: test -z 
			 || test ! -s conftest.err
configure:2645: $? = 0
configure:2648: test -s conftest.o
configure:2651: $? = 0
configure:2664: result: yes
configure:2670: checking whether /home/cc/AFLplusplus/afl-clang-fast++ accepts -g
configure:2691: /home/cc/AFLplusplus/afl-clang-fast++ -c -g  conftest.cc >&5
configure:2697: $? = 0
configure:2701: test -z 
			 || test ! -s conftest.err
configure:2704: $? = 0
configure:2707: test -s conftest.o
configure:2710: $? = 0
configure:2721: result: yes
configure:2763: /home/cc/AFLplusplus/afl-clang-fast++ -c -g -O2  conftest.cc >&5
configure:2769: $? = 0
configure:2773: test -z 
			 || test ! -s conftest.err
configure:2776: $? = 0
configure:2779: test -s conftest.o
configure:2782: $? = 0
configure:2808: /home/cc/AFLplusplus/afl-clang-fast++ -c -g -O2  conftest.cc >&5
conftest.cc:14:1: error: use of undeclared identifier 'exit'
exit (42);
^
1 error generated.
configure:2814: $? = 1
configure: failed program was:
| /* confdefs.h.  */
| 
| #define PACKAGE_NAME ""
| #define PACKAGE_TARNAME ""
| #define PACKAGE_VERSION ""
| #define PACKAGE_STRING ""
| #define PACKAGE_BUGREPORT ""
| #define SYSTEM_XPDFRC "/home/cc/Workspace/AFLlearn/Exercise1/install//etc/xpdfrc"
| /* end confdefs.h.  */
| 
| int
| main ()
| {
| exit (42);
|   ;
|   return 0;
| }
configure:2763: /home/cc/AFLplusplus/afl-clang-fast++ -c -g -O2  conftest.cc >&5
conftest.cc:10:17: error: use of undeclared identifier 'std'
extern "C" void std::exit (int) throw (); using std::exit;
                ^
conftest.cc:10:49: error: use of undeclared identifier 'std'
extern "C" void std::exit (int) throw (); using std::exit;
                                                ^
2 errors generated.
configure:2769: $? = 1
configure: failed program was:
| /* confdefs.h.  */
| 
| #define PACKAGE_NAME ""
| #define PACKAGE_TARNAME ""
| #define PACKAGE_VERSION ""
| #define PACKAGE_STRING ""
| #define PACKAGE_BUGREPORT ""
| #define SYSTEM_XPDFRC "/home/cc/Workspace/AFLlearn/Exercise1/install//etc/xpdfrc"
| /* end confdefs.h.  */
| extern "C" void std::exit (int) throw (); using std::exit;
| #include <stdlib.h>
| int
| main ()
| {
| exit (42);
|   ;
|   return 0;
| }
configure:2763: /home/cc/AFLplusplus/afl-clang-fast++ -c -g -O2  conftest.cc >&5
conftest.cc:10:17: error: use of undeclared identifier 'std'
extern "C" void std::exit (int); using std::exit;
                ^
conftest.cc:10:40: error: use of undeclared identifier 'std'
extern "C" void std::exit (int); using std::exit;
                                       ^
2 errors generated.
configure:2769: $? = 1
configure: failed program was:
| /* confdefs.h.  */
| 
| #define PACKAGE_NAME ""
| #define PACKAGE_TARNAME ""
| #define PACKAGE_VERSION ""
| #define PACKAGE_STRING ""
| #define PACKAGE_BUGREPORT ""
| #define SYSTEM_XPDFRC "/home/cc/Workspace/AFLlearn/Exercise1/install//etc/xpdfrc"
| /* end confdefs.h.  */
| extern "C" void std::exit (int); using std::exit;
| #include <stdlib.h>
| int
| main ()
| {
| exit (42);
|   ;
|   return 0;
| }
configure:2763: /home/cc/AFLplusplus/afl-clang-fast++ -c -g -O2  conftest.cc >&5
configure:2769: $? = 0
configure:2773: test -z 
			 || test ! -s conftest.err
configure:2776: $? = 0
configure:2779: test -s conftest.o
configure:2782: $? = 0
configure:2808: /home/cc/AFLplusplus/afl-clang-fast++ -c -g -O2  conftest.cc >&5
configure:2814: $? = 0
configure:2818: test -z 
			 || test ! -s conftest.err
configure:2821: $? = 0
configure:2824: test -s conftest.o
configure:2827: $? = 0
configure:2888: checking for a BSD-compatible install
configure:2943: result: /usr/bin/install -c
configure:2995: checking for ranlib
configure:3011: found /usr/bin/ranlib
configure:3022: result: ranlib
configure:3040: checking for OS/2 (with EMX)
configure:3061: /home/cc/AFLplusplus/afl-clang-fast -c -g -O2  conftest.c >&5
conftest.c:17:1: error: use of undeclared identifier '__EMX__'
__EMX__
^
1 error generated.
configure:3067: $? = 1
configure: failed program was:
| /* confdefs.h.  */
| 
| #define PACKAGE_NAME ""
| #define PACKAGE_TARNAME ""
| #define PACKAGE_VERSION ""
| #define PACKAGE_STRING ""
| #define PACKAGE_BUGREPORT ""
| #define SYSTEM_XPDFRC "/home/cc/Workspace/AFLlearn/Exercise1/install//etc/xpdfrc"
| #ifdef __cplusplus
| extern "C" void exit (int) throw ();
| #endif
| /* end confdefs.h.  */
| 
| int
| main ()
| {
| __EMX__
|   ;
|   return 0;
| }
configure:3091: result: no
configure:3099: checking for DOS (with DJGPP)
configure:3120: /home/cc/AFLplusplus/afl-clang-fast -c -g -O2  conftest.c >&5
conftest.c:17:1: error: use of undeclared identifier '__DJGPP__'
__DJGPP__
^
1 error generated.
configure:3126: $? = 1
configure: failed program was:
| /* confdefs.h.  */
| 
| #define PACKAGE_NAME ""
| #define PACKAGE_TARNAME ""
| #define PACKAGE_VERSION ""
| #define PACKAGE_STRING ""
| #define PACKAGE_BUGREPORT ""
| #define SYSTEM_XPDFRC "/home/cc/Workspace/AFLlearn/Exercise1/install//etc/xpdfrc"
| #ifdef __cplusplus
| extern "C" void exit (int) throw ();
| #endif
| /* end confdefs.h.  */
| 
| int
| main ()
| {
| __DJGPP__
|   ;
|   return 0;
| }
configure:3150: result: no
configure:3169: checking how to run the C preprocessor
configure:3204: /home/cc/AFLplusplus/afl-clang-fast -E  conftest.c
configure:3210: $? = 0
configure:3242: /home/cc/AFLplusplus/afl-clang-fast -E  conftest.c
conftest.c:13:10: fatal error: 'ac_nonexistent.h' file not found
#include <ac_nonexistent.h>
         ^~~~~~~~~~~~~~~~~~
1 error generated.
configure:3248: $? = 1
configure: failed program was:
| /* confdefs.h.  */
| 
| #define PACKAGE_NAME ""
| #define PACKAGE_TARNAME ""
| #define PACKAGE_VERSION ""
| #define PACKAGE_STRING ""
| #define PACKAGE_BUGREPORT ""
| #define SYSTEM_XPDFRC "/home/cc/Workspace/AFLlearn/Exercise1/install//etc/xpdfrc"
| #ifdef __cplusplus
| extern "C" void exit (int) throw ();
| #endif
| /* end confdefs.h.  */
| #include <ac_nonexistent.h>
configure:3287: result: /home/cc/AFLplusplus/afl-clang-fast -E
configure:3311: /home/cc/AFLplusplus/afl-clang-fast -E  conftest.c
configure:3317: $? = 0
configure:3349: /home/cc/AFLplusplus/afl-clang-fast -E  conftest.c
conftest.c:13:10: fatal error: 'ac_nonexistent.h' file not found
#include <ac_nonexistent.h>
         ^~~~~~~~~~~~~~~~~~
1 error generated.
configure:3355: $? = 1
configure: failed program was:
| /* confdefs.h.  */
| 
| #define PACKAGE_NAME ""
| #define PACKAGE_TARNAME ""
| #define PACKAGE_VERSION ""
| #define PACKAGE_STRING ""
| #define PACKAGE_BUGREPORT ""
| #define SYSTEM_XPDFRC "/home/cc/Workspace/AFLlearn/Exercise1/install//etc/xpdfrc"
| #ifdef __cplusplus
| extern "C" void exit (int) throw ();
| #endif
| /* end confdefs.h.  */
| #include <ac_nonexistent.h>
configure:3399: checking for X
configure:3504: /home/cc/AFLplusplus/afl-clang-fast -E  conftest.c
conftest.c:13:10: fatal error: 'X11/Intrinsic.h' file not found
#include <X11/Intrinsic.h>
         ^~~~~~~~~~~~~~~~~
1 error generated.
configure:3510: $? = 1
configure: failed program was:
| /* confdefs.h.  */
| 
| #define PACKAGE_NAME ""
| #define PACKAGE_TARNAME ""
| #define PACKAGE_VERSION ""
| #define PACKAGE_STRING ""
| #define PACKAGE_BUGREPORT ""
| #define SYSTEM_XPDFRC "/home/cc/Workspace/AFLlearn/Exercise1/install//etc/xpdfrc"
| #ifdef __cplusplus
| extern "C" void exit (int) throw ();
| #endif
| /* end confdefs.h.  */
| #include <X11/Intrinsic.h>
configure:3560: /home/cc/AFLplusplus/afl-clang-fast -o conftest -g -O2   conftest.c -lXt  >&5
conftest.c:13:10: fatal error: 'X11/Intrinsic.h' file not found
#include <X11/Intrinsic.h>
         ^~~~~~~~~~~~~~~~~
1 error generated.
configure:3566: $? = 1
configure: failed program was:
| /* confdefs.h.  */
| 
| #define PACKAGE_NAME ""
| #define PACKAGE_TARNAME ""
| #define PACKAGE_VERSION ""
| #define PACKAGE_STRING ""
| #define PACKAGE_BUGREPORT ""
| #define SYSTEM_XPDFRC "/home/cc/Workspace/AFLlearn/Exercise1/install//etc/xpdfrc"
| #ifdef __cplusplus
| extern "C" void exit (int) throw ();
| #endif
| /* end confdefs.h.  */
| #include <X11/Intrinsic.h>
| int
| main ()
| {
| XtMalloc (0)
|   ;
|   return 0;
| }
configure:3619: result: no
configure:4795: checking for dirent.h that defines DIR
configure:4819: /home/cc/AFLplusplus/afl-clang-fast -c -g -O2  conftest.c >&5
configure:4825: $? = 0
configure:4829: test -z 
			 || test ! -s conftest.err
configure:4832: $? = 0
configure:4835: test -s conftest.o
configure:4838: $? = 0
configure:4849: result: yes
configure:4862: checking for library containing opendir
configure:4892: /home/cc/AFLplusplus/afl-clang-fast -o conftest -g -O2   conftest.c  >&5
configure:4898: $? = 0
configure:4902: test -z 
			 || test ! -s conftest.err
configure:4905: $? = 0
configure:4908: test -s conftest
configure:4911: $? = 0
configure:4981: result: none required
configure:5126: checking for gethostbyname
configure:5183: /home/cc/AFLplusplus/afl-clang-fast++ -o conftest -g -O2   conftest.cc  >&5
configure:5189: $? = 0
configure:5193: test -z 
			 || test ! -s conftest.err
configure:5196: $? = 0
configure:5199: test -s conftest
configure:5202: $? = 0
configure:5214: result: yes
configure:5288: checking select() and fd_set in sys/select.h and sys/bsdtypes.h
configure:5310: /home/cc/AFLplusplus/afl-clang-fast++ -c -g -O2  conftest.cc >&5
configure:5316: $? = 0
configure:5320: test -z 
			 || test ! -s conftest.err
configure:5323: $? = 0
configure:5326: test -s conftest.o
configure:5329: $? = 0
configure:5340: result: not needed
configure:5465: checking FD_ZERO and strings.h or bstring.h
configure:5487: /home/cc/AFLplusplus/afl-clang-fast++ -c -g -O2  conftest.cc >&5
configure:5493: $? = 0
configure:5497: test -z 
			 || test ! -s conftest.err
configure:5500: $? = 0
configure:5503: test -s conftest.o
configure:5506: $? = 0
configure:5517: result: not needed
configure:5646: checking for rewinddir
configure:5703: /home/cc/AFLplusplus/afl-clang-fast++ -o conftest -g -O2   conftest.cc  >&5
configure:5709: $? = 0
configure:5713: test -z 
			 || test ! -s conftest.err
configure:5716: $? = 0
configure:5719: test -s conftest
configure:5722: $? = 0
configure:5734: result: yes
configure:5825: checking for popen
configure:5882: /home/cc/AFLplusplus/afl-clang-fast++ -o conftest -g -O2   conftest.cc  >&5
configure:5888: $? = 0
configure:5892: test -z 
			 || test ! -s conftest.err
configure:5895: $? = 0
configure:5898: test -s conftest
configure:5901: $? = 0
configure:5913: result: yes
configure:5923: checking for mkstemp
configure:5945: /home/cc/AFLplusplus/afl-clang-fast++ -o conftest -g -O2   conftest.cc  >&5
conftest.cc:22:9: warning: ISO C++11 does not allow conversion from string literal to 'char *' [-Wwritable-strings]
mkstemp("foo");
        ^
1 warning generated.
configure:5951: $? = 0
configure:5955: test -z 
			 || test ! -s conftest.err
configure:5958: $? = 0
configure:5961: test -s conftest
configure:5964: $? = 0
configure:5976: result: yes
configure:5984: checking for mkstemps
configure:6006: /home/cc/AFLplusplus/afl-clang-fast++ -o conftest -g -O2   conftest.cc  >&5
conftest.cc:23:10: warning: ISO C++11 does not allow conversion from string literal to 'char *' [-Wwritable-strings]
mkstemps("foo", 0);
         ^
1 warning generated.
configure:6012: $? = 0
configure:6016: test -z 
			 || test ! -s conftest.err
configure:6019: $? = 0
configure:6022: test -s conftest
configure:6025: $? = 0
configure:6037: result: yes
configure:6046: checking whether select takes fd_set arguments
configure:6073: /home/cc/AFLplusplus/afl-clang-fast++ -c -g -O2  conftest.cc >&5
configure:6079: $? = 0
configure:6083: test -z 
			 || test ! -s conftest.err
configure:6086: $? = 0
configure:6089: test -s conftest.o
configure:6092: $? = 0
configure:6103: result: yes
configure:6126: checking for special C compiler options needed for large files
configure:6225: result: no
configure:6231: checking for _FILE_OFFSET_BITS value needed for large files
configure:6262: /home/cc/AFLplusplus/afl-clang-fast -c -g -O2  conftest.c >&5
configure:6268: $? = 0
configure:6272: test -z 
			 || test ! -s conftest.err
configure:6275: $? = 0
configure:6278: test -s conftest.o
configure:6281: $? = 0
configure:6346: result: no
configure:6356: checking for _LARGE_FILES value needed for large files
configure:6387: /home/cc/AFLplusplus/afl-clang-fast -c -g -O2  conftest.c >&5
configure:6393: $? = 0
configure:6397: test -z 
			 || test ! -s conftest.err
configure:6400: $? = 0
configure:6403: test -s conftest.o
configure:6406: $? = 0
configure:6471: result: no
configure:6483: checking for _LARGEFILE_SOURCE value needed for large files
configure:6506: /home/cc/AFLplusplus/afl-clang-fast -c -g -O2  conftest.c >&5
conftest.c:23:9: warning: address of function 'fseeko' will always evaluate to 'true' [-Wpointer-bool-conversion]
return !fseeko;
       ~^~~~~~
conftest.c:23:9: note: prefix with the address-of operator to silence this warning
return !fseeko;
        ^
        &
1 warning generated.
configure:6512: $? = 0
configure:6516: test -z 
			 || test ! -s conftest.err
configure:6519: $? = 0
configure:6522: test -s conftest.o
configure:6525: $? = 0
configure:6582: result: no
configure:6596: checking for fseeko
configure:6617: /home/cc/AFLplusplus/afl-clang-fast -o conftest -g -O2   conftest.c  >&5
conftest.c:23:8: warning: address of function 'fseeko' will always evaluate to 'true' [-Wpointer-bool-conversion]
return fseeko && fseeko (stdin, 0, 0);
       ^~~~~~ ~~
conftest.c:23:8: note: prefix with the address-of operator to silence this warning
return fseeko && fseeko (stdin, 0, 0);
       ^
       &
1 warning generated.
configure:6623: $? = 0
configure:6627: test -z 
			 || test ! -s conftest.err
configure:6630: $? = 0
configure:6633: test -s conftest
configure:6636: $? = 0
configure:6648: result: yes
configure:6662: checking for fseek64
configure:6719: /home/cc/AFLplusplus/afl-clang-fast -o conftest -g -O2   conftest.c  >&5
/usr/bin/ld: /tmp/conftest-565df1.o: in function `main':
/home/cc/Workspace/AFLlearn/Exercise1/xpdf-3.02/conftest.c:60: undefined reference to `fseek64'
/usr/bin/ld: /tmp/conftest-565df1.o:/home/cc/Workspace/AFLlearn/Exercise1/xpdf-3.02/conftest.c:51: undefined reference to `fseek64'
clang: error: linker command failed with exit code 1 (use -v to see invocation)
configure:6725: $? = 1
configure: failed program was:
| /* confdefs.h.  */
| 
| #define PACKAGE_NAME ""
| #define PACKAGE_TARNAME ""
| #define PACKAGE_VERSION ""
| #define PACKAGE_STRING ""
| #define PACKAGE_BUGREPORT ""
| #define SYSTEM_XPDFRC "/home/cc/Workspace/AFLlearn/Exercise1/install//etc/xpdfrc"
| #ifdef __cplusplus
| extern "C" void exit (int) throw ();
| #endif
| #define X_DISPLAY_MISSING 1
| #define HAVE_DIRENT_H 1
| #define HAVE_REWINDDIR 1
| #define HAVE_POPEN 1
| #define HAVE_MKSTEMP 1
| #define HAVE_MKSTEMPS 1
| #define HAVE_FSEEKO 1
| /* end confdefs.h.  */
| /* Define fseek64 to an innocuous variant, in case <limits.h> declares fseek64.
|    For example, HP-UX 11i <limits.h> declares gettimeofday.  */
| #define fseek64 innocuous_fseek64
| 
| /* System header to define __stub macros and hopefully few prototypes,
|     which can conflict with char fseek64 (); below.
|     Prefer <limits.h> to <assert.h> if __STDC__ is defined, since
|     <limits.h> exists even on freestanding compilers.  */
| 
| #ifdef __STDC__
| # include <limits.h>
| #else
| # include <assert.h>
| #endif
| 
| #undef fseek64
| 
| /* Override any gcc2 internal prototype to avoid an error.  */
| #ifdef __cplusplus
| extern "C"
| {
| #endif
| /* We use char because int might match the return type of a gcc2
|    builtin and then its argument prototype would still apply.  */
| char fseek64 ();
| /* The GNU C library defines this for functions which it implements
|     to always fail with ENOSYS.  Some functions are actually named
|     something starting with __ and the normal name is an alias.  */
| #if defined (__stub_fseek64) || defined (__stub___fseek64)
| choke me
| #else
| char (*f) () = fseek64;
| #endif
| #ifdef __cplusplus
| }
| #endif
| 
| int
| main ()
| {
| return f != fseek64;
|   ;
|   return 0;
| }
configure:6750: result: no
configure:6766: checking for ftell64
configure:6823: /home/cc/AFLplusplus/afl-clang-fast -o conftest -g -O2   conftest.c  >&5
/usr/bin/ld: /tmp/conftest-5fce43.o: in function `main':
/home/cc/Workspace/AFLlearn/Exercise1/xpdf-3.02/conftest.c:60: undefined reference to `ftell64'
/usr/bin/ld: /tmp/conftest-5fce43.o:/home/cc/Workspace/AFLlearn/Exercise1/xpdf-3.02/conftest.c:51: undefined reference to `ftell64'
clang: error: linker command failed with exit code 1 (use -v to see invocation)
configure:6829: $? = 1
configure: failed program was:
| /* confdefs.h.  */
| 
| #define PACKAGE_NAME ""
| #define PACKAGE_TARNAME ""
| #define PACKAGE_VERSION ""
| #define PACKAGE_STRING ""
| #define PACKAGE_BUGREPORT ""
| #define SYSTEM_XPDFRC "/home/cc/Workspace/AFLlearn/Exercise1/install//etc/xpdfrc"
| #ifdef __cplusplus
| extern "C" void exit (int) throw ();
| #endif
| #define X_DISPLAY_MISSING 1
| #define HAVE_DIRENT_H 1
| #define HAVE_REWINDDIR 1
| #define HAVE_POPEN 1
| #define HAVE_MKSTEMP 1
| #define HAVE_MKSTEMPS 1
| #define HAVE_FSEEKO 1
| /* end confdefs.h.  */
| /* Define ftell64 to an innocuous variant, in case <limits.h> declares ftell64.
|    For example, HP-UX 11i <limits.h> declares gettimeofday.  */
| #define ftell64 innocuous_ftell64
| 
| /* System header to define __stub macros and hopefully few prototypes,
|     which can conflict with char ftell64 (); below.
|     Prefer <limits.h> to <assert.h> if __STDC__ is defined, since
|     <limits.h> exists even on freestanding compilers.  */
| 
| #ifdef __STDC__
| # include <limits.h>
| #else
| # include <assert.h>
| #endif
| 
| #undef ftell64
| 
| /* Override any gcc2 internal prototype to avoid an error.  */
| #ifdef __cplusplus
| extern "C"
| {
| #endif
| /* We use char because int might match the return type of a gcc2
|    builtin and then its argument prototype would still apply.  */
| char ftell64 ();
| /* The GNU C library defines this for functions which it implements
|     to always fail with ENOSYS.  Some functions are actually named
|     something starting with __ and the normal name is an alias.  */
| #if defined (__stub_ftell64) || defined (__stub___ftell64)
| choke me
| #else
| char (*f) () = ftell64;
| #endif
| #ifdef __cplusplus
| }
| #endif
| 
| int
| main ()
| {
| return f != ftell64;
|   ;
|   return 0;
| }
configure:6854: result: no
configure:9498: checking whether to use t1 library
configure:9505: result: maybe
configure:9556: checking where to find the t1 header files
configure:9563: result: 
configure:9596: checking t1lib.h usability
configure:9608: /home/cc/AFLplusplus/afl-clang-fast -c -g -O2    conftest.c >&5
conftest.c:54:10: fatal error: 't1lib.h' file not found
#include <t1lib.h>
         ^~~~~~~~~
1 error generated.
configure:9614: $? = 1
configure: failed program was:
| /* confdefs.h.  */
| 
| #define PACKAGE_NAME ""
| #define PACKAGE_TARNAME ""
| #define PACKAGE_VERSION ""
| #define PACKAGE_STRING ""
| #define PACKAGE_BUGREPORT ""
| #define SYSTEM_XPDFRC "/home/cc/Workspace/AFLlearn/Exercise1/install//etc/xpdfrc"
| #ifdef __cplusplus
| extern "C" void exit (int) throw ();
| #endif
| #define X_DISPLAY_MISSING 1
| #define HAVE_DIRENT_H 1
| #define HAVE_REWINDDIR 1
| #define HAVE_POPEN 1
| #define HAVE_MKSTEMP 1
| #define HAVE_MKSTEMPS 1
| #define HAVE_FSEEKO 1
| /* end confdefs.h.  */
| #include <stdio.h>
| #if HAVE_SYS_TYPES_H
| # include <sys/types.h>
| #endif
| #if HAVE_SYS_STAT_H
| # include <sys/stat.h>
| #endif
| #if STDC_HEADERS
| # include <stdlib.h>
| # include <stddef.h>
| #else
| # if HAVE_STDLIB_H
| #  include <stdlib.h>
| # endif
| #endif
| #if HAVE_STRING_H
| # if !STDC_HEADERS && HAVE_MEMORY_H
| #  include <memory.h>
| # endif
| # include <string.h>
| #endif
| #if HAVE_STRINGS_H
| # include <strings.h>
| #endif
| #if HAVE_INTTYPES_H
| # include <inttypes.h>
| #else
| # if HAVE_STDINT_H
| #  include <stdint.h>
| # endif
| #endif
| #if HAVE_UNISTD_H
| # include <unistd.h>
| #endif
| #include <t1lib.h>
configure:9637: result: no
configure:9641: checking t1lib.h presence
configure:9651: /home/cc/AFLplusplus/afl-clang-fast -E    conftest.c
conftest.c:20:10: fatal error: 't1lib.h' file not found
#include <t1lib.h>
         ^~~~~~~~~
1 error generated.
configure:9657: $? = 1
configure: failed program was:
| /* confdefs.h.  */
| 
| #define PACKAGE_NAME ""
| #define PACKAGE_TARNAME ""
| #define PACKAGE_VERSION ""
| #define PACKAGE_STRING ""
| #define PACKAGE_BUGREPORT ""
| #define SYSTEM_XPDFRC "/home/cc/Workspace/AFLlearn/Exercise1/install//etc/xpdfrc"
| #ifdef __cplusplus
| extern "C" void exit (int) throw ();
| #endif
| #define X_DISPLAY_MISSING 1
| #define HAVE_DIRENT_H 1
| #define HAVE_REWINDDIR 1
| #define HAVE_POPEN 1
| #define HAVE_MKSTEMP 1
| #define HAVE_MKSTEMPS 1
| #define HAVE_FSEEKO 1
| /* end confdefs.h.  */
| #include <t1lib.h>
configure:9677: result: no
configure:9712: checking for t1lib.h
configure:9719: result: no
configure:9831: result: not using t1 library
configure:9877: checking whether to use freetype2 library
configure:9884: result: maybe
configure:9935: checking where to find the freetype2 header files
configure:9942: result: 
configure:9975: checking ft2build.h usability
configure:9987: /home/cc/AFLplusplus/afl-clang-fast -c -g -O2    conftest.c >&5
conftest.c:54:10: fatal error: 'ft2build.h' file not found
#include <ft2build.h>
         ^~~~~~~~~~~~
1 error generated.
configure:9993: $? = 1
configure: failed program was:
| /* confdefs.h.  */
| 
| #define PACKAGE_NAME ""
| #define PACKAGE_TARNAME ""
| #define PACKAGE_VERSION ""
| #define PACKAGE_STRING ""
| #define PACKAGE_BUGREPORT ""
| #define SYSTEM_XPDFRC "/home/cc/Workspace/AFLlearn/Exercise1/install//etc/xpdfrc"
| #ifdef __cplusplus
| extern "C" void exit (int) throw ();
| #endif
| #define X_DISPLAY_MISSING 1
| #define HAVE_DIRENT_H 1
| #define HAVE_REWINDDIR 1
| #define HAVE_POPEN 1
| #define HAVE_MKSTEMP 1
| #define HAVE_MKSTEMPS 1
| #define HAVE_FSEEKO 1
| /* end confdefs.h.  */
| #include <stdio.h>
| #if HAVE_SYS_TYPES_H
| # include <sys/types.h>
| #endif
| #if HAVE_SYS_STAT_H
| # include <sys/stat.h>
| #endif
| #if STDC_HEADERS
| # include <stdlib.h>
| # include <stddef.h>
| #else
| # if HAVE_STDLIB_H
| #  include <stdlib.h>
| # endif
| #endif
| #if HAVE_STRING_H
| # if !STDC_HEADERS && HAVE_MEMORY_H
| #  include <memory.h>
| # endif
| # include <string.h>
| #endif
| #if HAVE_STRINGS_H
| # include <strings.h>
| #endif
| #if HAVE_INTTYPES_H
| # include <inttypes.h>
| #else
| # if HAVE_STDINT_H
| #  include <stdint.h>
| # endif
| #endif
| #if HAVE_UNISTD_H
| # include <unistd.h>
| #endif
| #include <ft2build.h>
configure:10016: result: no
configure:10020: checking ft2build.h presence
configure:10030: /home/cc/AFLplusplus/afl-clang-fast -E    conftest.c
conftest.c:20:10: fatal error: 'ft2build.h' file not found
#include <ft2build.h>
         ^~~~~~~~~~~~
1 error generated.
configure:10036: $? = 1
configure: failed program was:
| /* confdefs.h.  */
| 
| #define PACKAGE_NAME ""
| #define PACKAGE_TARNAME ""
| #define PACKAGE_VERSION ""
| #define PACKAGE_STRING ""
| #define PACKAGE_BUGREPORT ""
| #define SYSTEM_XPDFRC "/home/cc/Workspace/AFLlearn/Exercise1/install//etc/xpdfrc"
| #ifdef __cplusplus
| extern "C" void exit (int) throw ();
| #endif
| #define X_DISPLAY_MISSING 1
| #define HAVE_DIRENT_H 1
| #define HAVE_REWINDDIR 1
| #define HAVE_POPEN 1
| #define HAVE_MKSTEMP 1
| #define HAVE_MKSTEMPS 1
| #define HAVE_FSEEKO 1
| /* end confdefs.h.  */
| #include <ft2build.h>
configure:10056: result: no
configure:10091: checking for ft2build.h
configure:10098: result: no
configure:10210: result: not using freetype2 library
configure:10266: checking whether to use libpaper library
configure:10273: result: maybe
configure:10324: checking where to find the libpaper header files
configure:10331: result: 
configure:10364: checking paper.h usability
configure:10376: /home/cc/AFLplusplus/afl-clang-fast -c -g -O2    conftest.c >&5
conftest.c:54:10: fatal error: 'paper.h' file not found
#include <paper.h>
         ^~~~~~~~~
1 error generated.
configure:10382: $? = 1
configure: failed program was:
| /* confdefs.h.  */
| 
| #define PACKAGE_NAME ""
| #define PACKAGE_TARNAME ""
| #define PACKAGE_VERSION ""
| #define PACKAGE_STRING ""
| #define PACKAGE_BUGREPORT ""
| #define SYSTEM_XPDFRC "/home/cc/Workspace/AFLlearn/Exercise1/install//etc/xpdfrc"
| #ifdef __cplusplus
| extern "C" void exit (int) throw ();
| #endif
| #define X_DISPLAY_MISSING 1
| #define HAVE_DIRENT_H 1
| #define HAVE_REWINDDIR 1
| #define HAVE_POPEN 1
| #define HAVE_MKSTEMP 1
| #define HAVE_MKSTEMPS 1
| #define HAVE_FSEEKO 1
| /* end confdefs.h.  */
| #include <stdio.h>
| #if HAVE_SYS_TYPES_H
| # include <sys/types.h>
| #endif
| #if HAVE_SYS_STAT_H
| # include <sys/stat.h>
| #endif
| #if STDC_HEADERS
| # include <stdlib.h>
| # include <stddef.h>
| #else
| # if HAVE_STDLIB_H
| #  include <stdlib.h>
| # endif
| #endif
| #if HAVE_STRING_H
| # if !STDC_HEADERS && HAVE_MEMORY_H
| #  include <memory.h>
| # endif
| # include <string.h>
| #endif
| #if HAVE_STRINGS_H
| # include <strings.h>
| #endif
| #if HAVE_INTTYPES_H
| # include <inttypes.h>
| #else
| # if HAVE_STDINT_H
| #  include <stdint.h>
| # endif
| #endif
| #if HAVE_UNISTD_H
| # include <unistd.h>
| #endif
| #include <paper.h>
configure:10405: result: no
configure:10409: checking paper.h presence
configure:10419: /home/cc/AFLplusplus/afl-clang-fast -E    conftest.c
conftest.c:20:10: fatal error: 'paper.h' file not found
#include <paper.h>
         ^~~~~~~~~
1 error generated.
configure:10425: $? = 1
configure: failed program was:
| /* confdefs.h.  */
| 
| #define PACKAGE_NAME ""
| #define PACKAGE_TARNAME ""
| #define PACKAGE_VERSION ""
| #define PACKAGE_STRING ""
| #define PACKAGE_BUGREPORT ""
| #define SYSTEM_XPDFRC "/home/cc/Workspace/AFLlearn/Exercise1/install//etc/xpdfrc"
| #ifdef __cplusplus
| extern "C" void exit (int) throw ();
| #endif
| #define X_DISPLAY_MISSING 1
| #define HAVE_DIRENT_H 1
| #define HAVE_REWINDDIR 1
| #define HAVE_POPEN 1
| #define HAVE_MKSTEMP 1
| #define HAVE_MKSTEMPS 1
| #define HAVE_FSEEKO 1
| /* end confdefs.h.  */
| #include <paper.h>
configure:10445: result: no
configure:10480: checking for paper.h
configure:10487: result: no
configure:10599: result: not using libpaper library
configure:10727: creating ./config.status

## ---------------------- ##
## Running config.status. ##
## ---------------------- ##

This file was extended by config.status, which was
generated by GNU Autoconf 2.59.  Invocation command line was

  CONFIG_FILES    = 
  CONFIG_HEADERS  = 
  CONFIG_LINKS    = 
  CONFIG_COMMANDS = 
  $ ./config.status 

on cc-Lenovo-XiaoXinPro-16ACH-2021

config.status:672: creating Makefile
config.status:672: creating goo/Makefile
config.status:672: creating fofi/Makefile
config.status:672: creating splash/Makefile
config.status:672: creating xpdf/Makefile
config.status:776: creating aconf.h
configure:11788: WARNING: Couldn't find X
configure:11792: WARNING: Couldn't find Motif
configure:11796: WARNING: Couldn't find FreeType
configure:11800: WARNING: -- You will be able to compile pdftops, pdftotext,
        pdfinfo, pdffonts, and pdfimages, but not xpdf or pdftoppm

## ---------------- ##
## Cache variables. ##
## ---------------- ##

ac_cv_c_compiler_gnu=yes
ac_cv_cxx_compiler_gnu=yes
ac_cv_env_CC_set=set
ac_cv_env_CC_value=/home/cc/AFLplusplus/afl-clang-fast
ac_cv_env_CFLAGS_set=
ac_cv_env_CFLAGS_value=
ac_cv_env_CPPFLAGS_set=
ac_cv_env_CPPFLAGS_value=
ac_cv_env_CPP_set=
ac_cv_env_CPP_value=
ac_cv_env_CXXFLAGS_set=
ac_cv_env_CXXFLAGS_value=
ac_cv_env_CXX_set=set
ac_cv_env_CXX_value=/home/cc/AFLplusplus/afl-clang-fast++
ac_cv_env_LDFLAGS_set=
ac_cv_env_LDFLAGS_value=
ac_cv_env_build_alias_set=
ac_cv_env_build_alias_value=
ac_cv_env_host_alias_set=
ac_cv_env_host_alias_value=
ac_cv_env_target_alias_set=
ac_cv_env_target_alias_value=
ac_cv_exeext=
ac_cv_func_fseek64=no
ac_cv_func_fseeko=yes
ac_cv_func_ftell64=no
ac_cv_func_gethostbyname=yes
ac_cv_func_popen=yes
ac_cv_func_rewinddir=yes
ac_cv_have_x=have_x=no
ac_cv_header_dirent_dirent_h=yes
ac_cv_header_ft2build_h=no
ac_cv_header_paper_h=no
ac_cv_header_t1lib_h=no
ac_cv_objext=o
ac_cv_path_install='/usr/bin/install -c'
ac_cv_prog_CPP='/home/cc/AFLplusplus/afl-clang-fast -E'
ac_cv_prog_ac_ct_CC=/home/cc/AFLplusplus/afl-clang-fast
ac_cv_prog_ac_ct_RANLIB=ranlib
ac_cv_prog_cc_g=yes
ac_cv_prog_cc_stdc=
ac_cv_prog_cxx_g=yes
ac_cv_search_opendir='none required'
ac_cv_search_strerror='none required'
ac_cv_sys_file_offset_bits=no
ac_cv_sys_large_files=no
ac_cv_sys_largefile_CC=no
ac_cv_sys_largefile_source=no
smr_cv_with_freetype2_includes=
smr_cv_with_freetype2_library=maybe
smr_cv_with_libpaper_includes=
smr_cv_with_libpaper_library=maybe
smr_cv_with_t1_includes=
smr_cv_with_t1_library=maybe
xpdf_cv_func_fseek64=no
xpdf_cv_func_ftell64=no
xpdf_cv_func_mkstemp=yes
xpdf_cv_func_mkstemps=yes
xpdf_cv_func_select_arg=yes
xpdf_cv_sys_dos=no
xpdf_cv_sys_os2=no

## ----------------- ##
## Output variables. ##
## ----------------- ##

AR='ar rc'
CC='/home/cc/AFLplusplus/afl-clang-fast'
CFLAGS='-g -O2'
CPP='/home/cc/AFLplusplus/afl-clang-fast -E'
CPPFLAGS=''
CXX='/home/cc/AFLplusplus/afl-clang-fast++'
CXXFLAGS='-g -O2'
DEFS='-DHAVE_CONFIG_H'
ECHO_C=''
ECHO_N='-n'
ECHO_T=''
EGREP=''
EXE=''
EXEEXT=''
INSTALL_DATA='${INSTALL} -m 644'
INSTALL_PROGRAM='${INSTALL}'
INSTALL_SCRIPT='${INSTALL}'
LDFLAGS=''
LIBOBJS=''
LIBPREFIX='lib'
LIBS=''
LTLIBOBJS=''
OBJEXT='o'
PACKAGE_BUGREPORT=''
PACKAGE_NAME=''
PACKAGE_STRING=''
PACKAGE_TARNAME=''
PACKAGE_VERSION=''
PATH_SEPARATOR=':'
RANLIB='ranlib'
SHELL='/bin/bash'
Sgm_CFLAGS=''
Sgm_LIBS=''
UP_DIR=''
X='#'
XPDF_TARGET='all-no-x'
X_CFLAGS=''
X_EXTRA_LIBS=''
X_LIBS=''
X_PRE_LIBS=''
Xext_CFLAGS=''
Xext_LIBS=''
Xm_CFLAGS=''
Xm_LIBS=''
Xp_CFLAGS=''
Xp_LIBS=''
Xpm_CFLAGS=''
Xpm_LIBS=''
Xt_CFLAGS=''
Xt_LIBS=''
ac_ct_CC='/home/cc/AFLplusplus/afl-clang-fast'
ac_ct_CXX=''
ac_ct_RANLIB='ranlib'
bindir='${exec_prefix}/bin'
build_alias=''
datadir='${prefix}/share'
exec_prefix='${prefix}'
freetype2_CFLAGS=''
freetype2_LIBS=''
host_alias=''
includedir='${prefix}/include'
infodir='${prefix}/info'
libdir='${exec_prefix}/lib'
libexecdir='${exec_prefix}/libexec'
libpaper_CFLAGS=''
libpaper_LIBS=''
localstatedir='${prefix}/var'
mandir='${prefix}/man'
oldincludedir='/usr/include'
prefix='/home/cc/Workspace/AFLlearn/Exercise1/install/'
program_transform_name='s,x,x,'
sbindir='${exec_prefix}/sbin'
sharedstatedir='${prefix}/com'
sysconfdir='${prefix}/etc'
t1_CFLAGS=''
t1_LIBS=''
target_alias=''

## ----------- ##
## confdefs.h. ##
## ----------- ##

#define HAVE_DIRENT_H 1
#define HAVE_FSEEKO 1
#define HAVE_MKSTEMP 1
#define HAVE_MKSTEMPS 1
#define HAVE_POPEN 1
#define HAVE_REWINDDIR 1
#define PACKAGE_BUGREPORT ""
#define PACKAGE_NAME ""
#define PACKAGE_STRING ""
#define PACKAGE_TARNAME ""
#define PACKAGE_VERSION ""
#define SYSTEM_XPDFRC "/home/cc/Workspace/AFLlearn/Exercise1/install//etc/xpdfrc"
#define X_DISPLAY_MISSING 1
#endif
#ifdef __cplusplus
extern "C" void exit (int) throw ();

configure: exit 0
